[debug] [2021-06-26T05:33:11.248Z] ----------------------------------------------------------------------
[debug] [2021-06-26T05:33:11.265Z] Command:       C:\Program Files\nodejs\node.exe C:\Users\DINESH-LAL\AppData\Roaming\npm\node_modules\firebase-tools\lib\bin\firebase.js functions:shell
[debug] [2021-06-26T05:33:11.266Z] CLI Version:   9.10.0
[debug] [2021-06-26T05:33:11.266Z] Platform:      win32
[debug] [2021-06-26T05:33:11.266Z] Node Version:  v10.16.2
[debug] [2021-06-26T05:33:11.281Z] Time:          Sat Jun 26 2021 11:03:11 GMT+0530 (India Standard Time)
[debug] [2021-06-26T05:33:11.281Z] ----------------------------------------------------------------------
[debug] 
[debug] [2021-06-26T05:33:11.305Z] >>> [apiv2][query] GET https://firebase-public.firebaseio.com/cli.json [none]
[debug] [2021-06-26T05:33:11.524Z] > command requires scopes: ["email","openid","https://www.googleapis.com/auth/cloudplatformprojects.readonly","https://www.googleapis.com/auth/firebase","https://www.googleapis.com/auth/cloud-platform"]
[debug] [2021-06-26T05:33:11.528Z] > authorizing via signed-in user (dineshlal29@gmail.com)
[debug] [2021-06-26T05:33:11.528Z] [iam] checking project challenge-4b2b2 for permissions ["firebase.projects.get"]
[debug] [2021-06-26T05:33:11.530Z] > refreshing access token with scopes: ["email","https://www.googleapis.com/auth/cloud-platform","https://www.googleapis.com/auth/cloudplatformprojects.readonly","https://www.googleapis.com/auth/firebase","openid"]
[debug] [2021-06-26T05:33:11.530Z] >>> HTTP REQUEST POST https://www.googleapis.com/oauth2/v3/token  
 <request body omitted>
[debug] [2021-06-26T05:33:13.174Z] <<< HTTP RESPONSE 200 {"pragma":"no-cache","expires":"Mon, 01 Jan 1990 00:00:00 GMT","date":"Sat, 26 Jun 2021 05:33:14 GMT","cache-control":"no-cache, no-store, max-age=0, must-revalidate","content-type":"application/json; charset=utf-8","vary":"X-Origin, Referer, Origin,Accept-Encoding","server":"scaffolding on HTTPServer2","x-xss-protection":"0","x-frame-options":"SAMEORIGIN","x-content-type-options":"nosniff","alt-svc":"h3=\":443\"; ma=2592000,h3-29=\":443\"; ma=2592000,h3-T051=\":443\"; ma=2592000,h3-Q050=\":443\"; ma=2592000,h3-Q046=\":443\"; ma=2592000,h3-Q043=\":443\"; ma=2592000,quic=\":443\"; ma=2592000; v=\"46,43\"","accept-ranges":"none","transfer-encoding":"chunked"}
[debug] [2021-06-26T05:33:13.337Z] >>> HTTP REQUEST POST https://cloudresourcemanager.googleapis.com/v1/projects/challenge-4b2b2:testIamPermissions  
 {"permissions":["firebase.projects.get"]}
[debug] [2021-06-26T05:33:13.440Z] <<< [apiv2][status] GET https://firebase-public.firebaseio.com/cli.json 200
[debug] [2021-06-26T05:33:13.442Z] <<< [apiv2][body] GET https://firebase-public.firebaseio.com/cli.json {"cloudBuildErrorAfter":1594252800000,"cloudBuildWarnAfter":1590019200000,"defaultNode10After":1594252800000,"minVersion":"3.0.5","node8DeploysDisabledAfter":1613390400000,"node8RuntimeDisabledAfter":1615809600000,"node8WarnAfter":1600128000000}
[debug] [2021-06-26T05:33:16.340Z] <<< HTTP RESPONSE 200 {"content-type":"application/json; charset=UTF-8","vary":"X-Origin, Referer, Origin,Accept-Encoding","date":"Sat, 26 Jun 2021 05:33:17 GMT","server":"ESF","cache-control":"private","x-xss-protection":"0","x-frame-options":"SAMEORIGIN","x-content-type-options":"nosniff","server-timing":"gfet4t7; dur=1287","alt-svc":"h3=\":443\"; ma=2592000,h3-29=\":443\"; ma=2592000,h3-T051=\":443\"; ma=2592000,h3-Q050=\":443\"; ma=2592000,h3-Q046=\":443\"; ma=2592000,h3-Q043=\":443\"; ma=2592000,quic=\":443\"; ma=2592000; v=\"46,43\"","accept-ranges":"none","transfer-encoding":"chunked"}
[debug] [2021-06-26T05:33:16.347Z] [iam] error while checking permissions, command may fail: FirebaseError: Authorization failed. This account is missing the following required permissions on project challenge-4b2b2:

  firebase.projects.get
[debug] [2021-06-26T05:33:18.703Z] [functions] Using node@10 from host.
[debug] [2021-06-26T05:33:18.719Z] defaultcredentials: writing to file C:\Users\DINESH-LAL\AppData\Roaming\firebase\dineshlal29_gmail_com_application_default_credentials.json
[debug] [2021-06-26T05:33:18.922Z] DEBUG: Setting GAC to C:\Users\DINESH-LAL\AppData\Roaming\firebase\dineshlal29_gmail_com_application_default_credentials.json
[debug] [2021-06-26T05:33:18.928Z] > refreshing access token with scopes: []
[debug] [2021-06-26T05:33:18.930Z] >>> HTTP REQUEST POST https://www.googleapis.com/oauth2/v3/token  
 <request body omitted>
[debug] [2021-06-26T05:33:20.282Z] <<< HTTP RESPONSE 200 {"expires":"Mon, 01 Jan 1990 00:00:00 GMT","pragma":"no-cache","date":"Sat, 26 Jun 2021 05:33:21 GMT","cache-control":"no-cache, no-store, max-age=0, must-revalidate","content-type":"application/json; charset=utf-8","vary":"X-Origin, Referer, Origin,Accept-Encoding","server":"scaffolding on HTTPServer2","x-xss-protection":"0","x-frame-options":"SAMEORIGIN","x-content-type-options":"nosniff","alt-svc":"h3=\":443\"; ma=2592000,h3-29=\":443\"; ma=2592000,h3-T051=\":443\"; ma=2592000,h3-Q050=\":443\"; ma=2592000,h3-Q046=\":443\"; ma=2592000,h3-Q043=\":443\"; ma=2592000,quic=\":443\"; ma=2592000; v=\"46,43\"","accept-ranges":"none","transfer-encoding":"chunked"}
[debug] [2021-06-26T05:33:20.365Z] >>> [apiv2][query] GET https://firebase.googleapis.com/v1beta1/projects/challenge-4b2b2/adminSdkConfig [none]
[debug] [2021-06-26T05:33:21.346Z] <<< [apiv2][status] GET https://firebase.googleapis.com/v1beta1/projects/challenge-4b2b2/adminSdkConfig 403
[debug] [2021-06-26T05:33:21.347Z] <<< [apiv2][body] GET https://firebase.googleapis.com/v1beta1/projects/challenge-4b2b2/adminSdkConfig {"error":{"code":403,"message":"The caller does not have permission","status":"PERMISSION_DENIED"}}
[debug] [2021-06-26T05:33:21.353Z] Failed to get Admin SDK config for challenge-4b2b2, falling back to cache Failed to get Admin SDK for Firebase project challenge-4b2b2. Please make sure the project exists and your account has permission to access it. {"name":"FirebaseError","children":[],"exit":2,"message":"Failed to get Admin SDK for Firebase project challenge-4b2b2. Please make sure the project exists and your account has permission to access it.","original":{"name":"FirebaseError","children":[],"context":{"body":{"error":{"code":403,"message":"The caller does not have permission","status":"PERMISSION_DENIED"}},"response":{"statusCode":403}},"exit":1,"message":"HTTP Error: 403, The caller does not have permission","status":403},"status":500}
[warn] !  functions: Unable to fetch project Admin SDK configuration, Admin SDK behavior in Cloud Functions emulator may be incorrect. {"metadata":{"emulator":{"name":"functions"},"message":"Unable to fetch project Admin SDK configuration, Admin SDK behavior in Cloud Functions emulator may be incorrect."}}
[debug] [2021-06-26T05:33:21.459Z] [functions] Watching "E:\react-challenge-amazon-clone\functions" for Cloud Functions...
[debug] [2021-06-26T05:33:21.587Z] DEBUG: [worker-pool] addWorker(~diagnostic~)
[debug] [2021-06-26T05:33:21.588Z] DEBUG: [worker-pool] Adding worker with key ~diagnostic~, total=1
[debug] [2021-06-26T05:33:21.588Z] DEBUG: [worker-pool] submitWork(triggerId=)
[debug] [2021-06-26T05:33:21.590Z] DEBUG: [worker-~diagnostic~-a2186f31-afa7-437d-a673-4927fcf3be22]: Assigning socketPath: \\?\pipe\E:\react-challenge-amazon-clone\functions\5124
[debug] [2021-06-26T05:33:21.591Z] DEBUG: [worker-~diagnostic~-a2186f31-afa7-437d-a673-4927fcf3be22]: BUSY
[debug] [2021-06-26T05:33:22.662Z] DEBUG: [runtime-status] [5124] Functions runtime initialized. {"cwd":"E:\\react-challenge-amazon-clone\\functions","node_version":"10.16.2"}
[debug] [2021-06-26T05:33:22.663Z] DEBUG: [runtime-status] [5124] Disabled runtime features: undefined
[warn] !  The Cloud Functions emulator requires the module "firebase-admin" to be installed. This package is in your package.json, but it's not available. You probably need to run "npm install" in your functions directory. {"metadata":{"emulator":{"name":"functions"},"message":"The Cloud Functions emulator requires the module \"firebase-admin\" to be installed. This package is in your package.json, but it's not available. You probably need to run \"npm install\" in your functions directory."}}
[debug] [2021-06-26T05:33:22.670Z] [functions] Your functions could not be parsed due to an issue with your node_modules (see above)
[debug] [2021-06-26T05:33:22.720Z] DEBUG: [worker-~diagnostic~-a2186f31-afa7-437d-a673-4927fcf3be22]: exited
[debug] [2021-06-26T05:33:22.721Z] DEBUG: [worker-~diagnostic~-a2186f31-afa7-437d-a673-4927fcf3be22]: FINISHED
[debug] [2021-06-26T05:34:27.652Z] ----------------------------------------------------------------------
[debug] [2021-06-26T05:34:27.656Z] Command:       C:\Program Files\nodejs\node.exe C:\Users\DINESH-LAL\AppData\Roaming\npm\node_modules\firebase-tools\lib\bin\firebase.js functions:shell
[debug] [2021-06-26T05:34:27.657Z] CLI Version:   9.10.0
[debug] [2021-06-26T05:34:27.657Z] Platform:      win32
[debug] [2021-06-26T05:34:27.657Z] Node Version:  v10.16.2
[debug] [2021-06-26T05:34:27.659Z] Time:          Sat Jun 26 2021 11:04:27 GMT+0530 (India Standard Time)
[debug] [2021-06-26T05:34:27.659Z] ----------------------------------------------------------------------
[debug] 
[debug] [2021-06-26T05:34:27.672Z] > command requires scopes: ["email","openid","https://www.googleapis.com/auth/cloudplatformprojects.readonly","https://www.googleapis.com/auth/firebase","https://www.googleapis.com/auth/cloud-platform"]
[debug] [2021-06-26T05:34:27.672Z] > authorizing via signed-in user (dineshlal29@gmail.com)
[debug] [2021-06-26T05:34:27.672Z] [iam] checking project challenge-4b2b2 for permissions ["firebase.projects.get"]
[debug] [2021-06-26T05:34:27.675Z] > refreshing access token with scopes: ["email","https://www.googleapis.com/auth/cloud-platform","https://www.googleapis.com/auth/cloudplatformprojects.readonly","https://www.googleapis.com/auth/firebase","openid"]
[debug] [2021-06-26T05:34:27.675Z] >>> HTTP REQUEST POST https://www.googleapis.com/oauth2/v3/token  
 <request body omitted>
[debug] [2021-06-26T05:34:28.225Z] <<< HTTP RESPONSE 200 {"date":"Sat, 26 Jun 2021 05:34:29 GMT","pragma":"no-cache","cache-control":"no-cache, no-store, max-age=0, must-revalidate","expires":"Mon, 01 Jan 1990 00:00:00 GMT","content-type":"application/json; charset=utf-8","vary":"X-Origin, Referer, Origin,Accept-Encoding","server":"scaffolding on HTTPServer2","x-xss-protection":"0","x-frame-options":"SAMEORIGIN","x-content-type-options":"nosniff","alt-svc":"h3=\":443\"; ma=2592000,h3-29=\":443\"; ma=2592000,h3-T051=\":443\"; ma=2592000,h3-Q050=\":443\"; ma=2592000,h3-Q046=\":443\"; ma=2592000,h3-Q043=\":443\"; ma=2592000,quic=\":443\"; ma=2592000; v=\"46,43\"","accept-ranges":"none","transfer-encoding":"chunked"}
[debug] [2021-06-26T05:34:28.249Z] >>> HTTP REQUEST POST https://cloudresourcemanager.googleapis.com/v1/projects/challenge-4b2b2:testIamPermissions  
 {"permissions":["firebase.projects.get"]}
[debug] [2021-06-26T05:34:30.038Z] <<< HTTP RESPONSE 200 {"content-type":"application/json; charset=UTF-8","vary":"X-Origin, Referer, Origin,Accept-Encoding","date":"Sat, 26 Jun 2021 05:34:31 GMT","server":"ESF","cache-control":"private","x-xss-protection":"0","x-frame-options":"SAMEORIGIN","x-content-type-options":"nosniff","server-timing":"gfet4t7; dur=1300","alt-svc":"h3=\":443\"; ma=2592000,h3-29=\":443\"; ma=2592000,h3-T051=\":443\"; ma=2592000,h3-Q050=\":443\"; ma=2592000,h3-Q046=\":443\"; ma=2592000,h3-Q043=\":443\"; ma=2592000,quic=\":443\"; ma=2592000; v=\"46,43\"","accept-ranges":"none","transfer-encoding":"chunked"}
[debug] [2021-06-26T05:34:30.038Z] [iam] error while checking permissions, command may fail: FirebaseError: Authorization failed. This account is missing the following required permissions on project challenge-4b2b2:

  firebase.projects.get
[debug] [2021-06-26T05:34:32.061Z] [functions] Using node@10 from host.
[debug] [2021-06-26T05:34:32.062Z] defaultcredentials: writing to file C:\Users\DINESH-LAL\AppData\Roaming\firebase\dineshlal29_gmail_com_application_default_credentials.json
[debug] [2021-06-26T05:34:32.063Z] DEBUG: Setting GAC to C:\Users\DINESH-LAL\AppData\Roaming\firebase\dineshlal29_gmail_com_application_default_credentials.json
[debug] [2021-06-26T05:34:32.064Z] > refreshing access token with scopes: []
[debug] [2021-06-26T05:34:32.064Z] >>> HTTP REQUEST POST https://www.googleapis.com/oauth2/v3/token  
 <request body omitted>
[debug] [2021-06-26T05:34:32.761Z] <<< HTTP RESPONSE 200 {"cache-control":"no-cache, no-store, max-age=0, must-revalidate","pragma":"no-cache","date":"Sat, 26 Jun 2021 05:34:33 GMT","expires":"Mon, 01 Jan 1990 00:00:00 GMT","content-type":"application/json; charset=utf-8","vary":"X-Origin, Referer, Origin,Accept-Encoding","server":"scaffolding on HTTPServer2","x-xss-protection":"0","x-frame-options":"SAMEORIGIN","x-content-type-options":"nosniff","alt-svc":"h3=\":443\"; ma=2592000,h3-29=\":443\"; ma=2592000,h3-T051=\":443\"; ma=2592000,h3-Q050=\":443\"; ma=2592000,h3-Q046=\":443\"; ma=2592000,h3-Q043=\":443\"; ma=2592000,quic=\":443\"; ma=2592000; v=\"46,43\"","accept-ranges":"none","transfer-encoding":"chunked"}
[debug] [2021-06-26T05:34:32.784Z] >>> [apiv2][query] GET https://firebase.googleapis.com/v1beta1/projects/challenge-4b2b2/adminSdkConfig [none]
[debug] [2021-06-26T05:34:33.698Z] <<< [apiv2][status] GET https://firebase.googleapis.com/v1beta1/projects/challenge-4b2b2/adminSdkConfig 403
[debug] [2021-06-26T05:34:33.700Z] <<< [apiv2][body] GET https://firebase.googleapis.com/v1beta1/projects/challenge-4b2b2/adminSdkConfig {"error":{"code":403,"message":"The caller does not have permission","status":"PERMISSION_DENIED"}}
[debug] [2021-06-26T05:34:33.704Z] Failed to get Admin SDK config for challenge-4b2b2, falling back to cache Failed to get Admin SDK for Firebase project challenge-4b2b2. Please make sure the project exists and your account has permission to access it. {"name":"FirebaseError","children":[],"exit":2,"message":"Failed to get Admin SDK for Firebase project challenge-4b2b2. Please make sure the project exists and your account has permission to access it.","original":{"name":"FirebaseError","children":[],"context":{"body":{"error":{"code":403,"message":"The caller does not have permission","status":"PERMISSION_DENIED"}},"response":{"statusCode":403}},"exit":1,"message":"HTTP Error: 403, The caller does not have permission","status":403},"status":500}
[warn] !  functions: Unable to fetch project Admin SDK configuration, Admin SDK behavior in Cloud Functions emulator may be incorrect. {"metadata":{"emulator":{"name":"functions"},"message":"Unable to fetch project Admin SDK configuration, Admin SDK behavior in Cloud Functions emulator may be incorrect."}}
[debug] [2021-06-26T05:34:33.776Z] [functions] Watching "E:\react-challenge-amazon-clone\functions" for Cloud Functions...
[debug] [2021-06-26T05:34:33.921Z] DEBUG: [worker-pool] addWorker(~diagnostic~)
[debug] [2021-06-26T05:34:33.922Z] DEBUG: [worker-pool] Adding worker with key ~diagnostic~, total=1
[debug] [2021-06-26T05:34:33.924Z] DEBUG: [worker-pool] submitWork(triggerId=)
[debug] [2021-06-26T05:34:33.925Z] DEBUG: [worker-~diagnostic~-d0bfd2c7-917b-437b-bd78-ea9a393a4086]: Assigning socketPath: \\?\pipe\E:\react-challenge-amazon-clone\functions\12412
[debug] [2021-06-26T05:34:33.929Z] DEBUG: [worker-~diagnostic~-d0bfd2c7-917b-437b-bd78-ea9a393a4086]: BUSY
[debug] [2021-06-26T05:34:36.295Z] DEBUG: [runtime-status] [12412] Functions runtime initialized. {"cwd":"E:\\react-challenge-amazon-clone\\functions","node_version":"10.16.2"}
[debug] [2021-06-26T05:34:36.297Z] DEBUG: [runtime-status] [12412] Disabled runtime features: undefined
[warn] !  The Cloud Functions emulator requires the module "firebase-admin" to be installed. This package is in your package.json, but it's not available. You probably need to run "npm install" in your functions directory. {"metadata":{"emulator":{"name":"functions"},"message":"The Cloud Functions emulator requires the module \"firebase-admin\" to be installed. This package is in your package.json, but it's not available. You probably need to run \"npm install\" in your functions directory."}}
[debug] [2021-06-26T05:34:36.307Z] [functions] Your functions could not be parsed due to an issue with your node_modules (see above)
[debug] [2021-06-26T05:34:36.367Z] DEBUG: [worker-~diagnostic~-d0bfd2c7-917b-437b-bd78-ea9a393a4086]: exited
[debug] [2021-06-26T05:34:36.369Z] DEBUG: [worker-~diagnostic~-d0bfd2c7-917b-437b-bd78-ea9a393a4086]: FINISHED
